TN:
SF:apps/executive-desk/server.ts
FN:1,(empty-report)
FNF:1
FNH:0
FNDA:0,(empty-report)
DA:1,0
DA:2,0
DA:3,0
DA:4,0
DA:5,0
DA:6,0
DA:7,0
DA:8,0
DA:9,0
DA:10,0
DA:11,0
DA:12,0
DA:13,0
DA:14,0
DA:15,0
DA:16,0
DA:17,0
DA:18,0
DA:19,0
DA:20,0
DA:21,0
DA:22,0
DA:23,0
DA:24,0
DA:25,0
DA:26,0
DA:27,0
DA:28,0
DA:29,0
DA:30,0
DA:31,0
DA:32,0
DA:33,0
DA:34,0
DA:35,0
DA:36,0
DA:37,0
DA:38,0
DA:39,0
LF:39
LH:0
BRDA:1,0,0,0
BRF:1
BRH:0
end_of_record
TN:
SF:apps/executive-desk/api/<define:import.meta>
FNF:0
FNH:0
DA:1,1
LF:1
LH:1
BRF:0
BRH:0
end_of_record
TN:
SF:apps/executive-desk/api/delegation-queries.ts
FN:1,__name
FN:1,__export
FN:1,__copyProps
FN:1,get
FN:1,__toCommonJS
FN:1,delegationQueriesService
FN:1,getDelegationQueriesService
FN:1,<static_initializer>
FN:26,listDelegations
FN:73,getDelegationById
FN:83,isActive
FN:108,getActiveDelegationsForPrincipal
FN:122,getDelegationsGrantedBy
FN:134,canExecuteViaActiveDelegation
FN:159,getDelegationQueriesService
FNF:15
FNH:9
FNDA:2,__name
FNDA:1,__export
FNDA:1,__copyProps
FNDA:5,get
FNDA:1,__toCommonJS
FNDA:5,delegationQueriesService
FNDA:0,getDelegationQueriesService
FNDA:1,<static_initializer>
FNDA:4,listDelegations
FNDA:1,getDelegationById
FNDA:0,isActive
FNDA:0,getActiveDelegationsForPrincipal
FNDA:0,getDelegationsGrantedBy
FNDA:0,canExecuteViaActiveDelegation
FNDA:0,getDelegationQueriesService
DA:1,1
DA:2,1
DA:3,1
DA:4,1
DA:5,1
DA:6,1
DA:7,1
DA:8,1
DA:9,1
DA:10,1
DA:11,1
DA:12,1
DA:13,1
DA:14,1
DA:15,1
DA:16,1
DA:17,1
DA:18,1
DA:19,1
DA:20,1
DA:21,1
DA:22,1
DA:23,1
DA:24,1
DA:25,1
DA:26,1
DA:27,4
DA:28,4
DA:29,4
DA:30,4
DA:31,4
DA:32,4
DA:33,4
DA:34,4
DA:35,4
DA:36,4
DA:37,4
DA:38,4
DA:39,0
DA:40,0
DA:41,4
DA:42,4
DA:43,4
DA:44,1
DA:45,1
DA:46,4
DA:47,4
DA:48,4
DA:49,1
DA:50,1
DA:51,4
DA:52,4
DA:53,4
DA:54,0
DA:55,0
DA:56,4
DA:57,4
DA:58,4
DA:59,0
DA:60,0
DA:61,4
DA:62,4
DA:63,4
DA:64,4
DA:65,4
DA:66,4
DA:67,4
DA:68,4
DA:69,1
DA:70,1
DA:71,1
DA:72,1
DA:73,1
DA:74,1
DA:75,1
DA:76,1
DA:77,1
DA:78,1
DA:79,1
DA:80,1
DA:81,1
DA:82,1
DA:83,1
DA:84,0
DA:85,0
DA:86,0
DA:87,0
DA:88,0
DA:89,0
DA:90,0
DA:91,0
DA:92,0
DA:93,0
DA:94,0
DA:95,0
DA:96,0
DA:97,0
DA:98,0
DA:99,0
DA:100,0
DA:101,0
DA:102,0
DA:103,0
DA:104,1
DA:105,1
DA:106,1
DA:107,1
DA:108,1
DA:109,0
DA:110,0
DA:111,0
DA:112,0
DA:113,0
DA:114,0
DA:115,0
DA:116,0
DA:117,0
DA:118,1
DA:119,1
DA:120,1
DA:121,1
DA:122,1
DA:123,0
DA:124,0
DA:125,0
DA:126,0
DA:127,0
DA:128,0
DA:129,0
DA:130,1
DA:131,1
DA:132,1
DA:133,1
DA:134,1
DA:135,0
DA:136,0
DA:137,0
DA:138,0
DA:139,0
DA:140,0
DA:141,0
DA:142,0
DA:143,0
DA:144,0
DA:145,0
DA:146,0
DA:147,0
DA:148,0
DA:149,0
DA:150,0
DA:151,0
DA:152,0
DA:153,0
DA:154,0
DA:155,1
DA:156,1
DA:157,1
DA:158,1
DA:159,0
DA:160,0
DA:161,0
LF:161
LH:96
BRDA:159,0,0,0
BRDA:1,1,0,2
BRDA:1,2,0,1
BRDA:1,3,0,2
BRDA:1,4,0,1
BRDA:1,5,0,0
BRDA:1,6,0,2
BRDA:1,7,0,5
BRDA:1,8,0,1
BRDA:1,9,0,5
BRDA:1,10,0,1
BRDA:26,11,0,4
BRDA:38,12,0,0
BRDA:43,13,0,1
BRDA:48,14,0,1
BRDA:53,15,0,0
BRDA:58,16,0,0
BRDA:73,17,0,1
BRF:18
BRH:13
end_of_record
TN:
SF:apps/executive-desk/api/express-adapter.ts
FN:1,__name
FN:1,__export
FN:1,__copyProps
FN:1,get
FN:1,__toESM
FN:1,__toCommonJS
FN:1,createApiApp
FN:1,mountApiRoutes
FN:42,rateLimitMiddleware
FN:78,authMiddleware
FN:102,requestIdMiddleware
FN:114,errorMiddleware
FN:136,mountApiRoutes
FN:416,createApiApp
FNF:14
FNH:11
FNDA:6,__name
FNDA:1,__export
FNDA:3,__copyProps
FNDA:3,get
FNDA:2,__toESM
FNDA:1,__toCommonJS
FNDA:0,createApiApp
FNDA:1,mountApiRoutes
FNDA:31,rateLimitMiddleware
FNDA:30,authMiddleware
FNDA:36,requestIdMiddleware
FNDA:0,errorMiddleware
FNDA:1,mountApiRoutes
FNDA:0,createApiApp
DA:1,1
DA:2,1
DA:3,1
DA:4,1
DA:5,1
DA:6,1
DA:7,1
DA:8,1
DA:9,1
DA:10,1
DA:11,1
DA:12,1
DA:13,1
DA:14,1
DA:15,1
DA:16,1
DA:17,1
DA:18,1
DA:19,1
DA:20,1
DA:21,1
DA:22,1
DA:23,1
DA:24,1
DA:25,1
DA:26,1
DA:27,1
DA:28,1
DA:29,1
DA:30,1
DA:31,1
DA:32,1
DA:33,1
DA:34,1
DA:35,1
DA:36,1
DA:37,1
DA:38,1
DA:39,1
DA:40,1
DA:41,1
DA:42,31
DA:43,31
DA:44,31
DA:45,31
DA:46,31
DA:47,31
DA:48,31
DA:49,31
DA:50,31
DA:51,31
DA:52,31
DA:53,2
DA:54,2
DA:55,2
DA:56,2
DA:57,31
DA:58,31
DA:59,31
DA:60,31
DA:61,0
DA:62,0
DA:63,0
DA:64,0
DA:65,0
DA:66,0
DA:67,0
DA:68,31
DA:69,31
DA:70,31
DA:71,31
DA:72,31
DA:73,31
DA:74,1
DA:75,1
DA:76,1
DA:77,1
DA:78,30
DA:79,30
DA:80,30
DA:81,30
DA:82,2
DA:83,1
DA:84,1
DA:85,30
DA:86,30
DA:87,1
DA:88,1
DA:89,1
DA:90,1
DA:91,1
DA:92,1
DA:93,1
DA:94,30
DA:95,30
DA:96,29
DA:97,30
DA:98,1
DA:99,1
DA:100,1
DA:101,1
DA:102,36
DA:103,36
DA:104,36
DA:105,36
DA:106,36
DA:107,36
DA:108,36
DA:109,36
DA:110,1
DA:111,1
DA:112,1
DA:113,1
DA:114,0
DA:115,0
DA:116,0
DA:117,0
DA:118,0
DA:119,0
DA:120,0
DA:121,0
DA:122,0
DA:123,0
DA:124,0
DA:125,0
DA:126,0
DA:127,0
DA:128,0
DA:129,0
DA:130,0
DA:131,0
DA:132,1
DA:133,1
DA:134,1
DA:135,1
DA:136,1
DA:137,1
DA:138,1
DA:139,1
DA:140,1
DA:141,1
DA:142,1
DA:143,1
DA:144,1
DA:145,1
DA:146,1
DA:147,1
DA:148,2
DA:149,2
DA:150,2
DA:151,2
DA:152,2
DA:153,2
DA:154,2
DA:155,2
DA:156,0
DA:157,0
DA:158,1
DA:159,1
DA:160,1
DA:161,1
DA:162,1
DA:163,1
DA:164,1
DA:165,1
DA:166,1
DA:167,10
DA:168,10
DA:169,10
DA:170,10
DA:171,10
DA:172,10
DA:173,1
DA:174,1
DA:175,1
DA:176,1
DA:177,1
DA:178,1
DA:179,1
DA:180,10
DA:181,10
DA:182,0
DA:183,0
DA:184,0
DA:185,0
DA:186,0
DA:187,0
DA:188,0
DA:189,10
DA:190,10
DA:191,9
DA:192,9
DA:193,9
DA:194,9
DA:195,9
DA:196,9
DA:197,9
DA:198,9
DA:199,9
DA:200,9
DA:201,9
DA:202,10
DA:203,0
DA:204,0
DA:205,1
DA:206,1
DA:207,1
DA:208,1
DA:209,1
DA:210,3
DA:211,3
DA:212,3
DA:213,3
DA:214,3
DA:215,3
DA:216,3
DA:217,1
DA:218,2
DA:219,1
DA:220,1
DA:221,3
DA:222,3
DA:223,1
DA:224,2
DA:225,1
DA:226,1
DA:227,3
DA:228,3
DA:229,3
DA:230,3
DA:231,3
DA:232,3
DA:233,3
DA:234,3
DA:235,3
DA:236,3
DA:237,3
DA:238,3
DA:239,3
DA:240,3
DA:241,6
DA:242,6
DA:243,3
DA:244,3
DA:245,3
DA:246,0
DA:247,0
DA:248,3
DA:249,1
DA:250,1
DA:251,1
DA:252,1
DA:253,1
DA:254,1
DA:255,1
DA:256,1
DA:257,1
DA:258,1
DA:259,1
DA:260,1
DA:261,1
DA:262,1
DA:263,1
DA:264,1
DA:265,1
DA:266,1
DA:267,1
DA:268,1
DA:269,1
DA:270,1
DA:271,1
DA:272,1
DA:273,1
DA:274,1
DA:275,1
DA:276,1
DA:277,1
DA:278,1
DA:279,0
DA:280,0
DA:281,1
DA:282,1
DA:283,1
DA:284,1
DA:285,1
DA:286,1
DA:287,2
DA:288,2
DA:289,2
DA:290,2
DA:291,2
DA:292,2
DA:293,1
DA:294,1
DA:295,1
DA:296,1
DA:297,1
DA:298,1
DA:299,1
DA:300,1
DA:301,1
DA:302,2
DA:303,0
DA:304,0
DA:305,2
DA:306,1
DA:307,1
DA:308,1
DA:309,1
DA:310,1
DA:311,1
DA:312,4
DA:313,4
DA:314,4
DA:315,4
DA:316,4
DA:317,4
DA:318,4
DA:319,4
DA:320,4
DA:321,4
DA:322,4
DA:323,4
DA:324,4
DA:325,0
DA:326,0
DA:327,4
DA:328,1
DA:329,1
DA:330,1
DA:331,1
DA:332,1
DA:333,1
DA:334,1
DA:335,1
DA:336,1
DA:337,1
DA:338,1
DA:339,1
DA:340,1
DA:341,1
DA:342,1
DA:343,1
DA:344,1
DA:345,1
DA:346,1
DA:347,1
DA:348,0
DA:349,0
DA:350,0
DA:351,1
DA:352,1
DA:353,1
DA:354,1
DA:355,1
DA:356,1
DA:357,1
DA:358,1
DA:359,1
DA:360,1
DA:361,1
DA:362,1
DA:363,0
DA:364,0
DA:365,1
DA:366,1
DA:367,1
DA:368,1
DA:369,1
DA:370,1
DA:371,6
DA:372,6
DA:373,6
DA:374,6
DA:375,6
DA:376,6
DA:377,6
DA:378,6
DA:379,6
DA:380,6
DA:381,6
DA:382,6
DA:383,6
DA:384,6
DA:385,6
DA:386,6
DA:387,0
DA:388,0
DA:389,6
DA:390,1
DA:391,1
DA:392,1
DA:393,1
DA:394,1
DA:395,1
DA:396,1
DA:397,1
DA:398,1
DA:399,1
DA:400,1
DA:401,1
DA:402,1
DA:403,1
DA:404,1
DA:405,1
DA:406,1
DA:407,1
DA:408,1
DA:409,1
DA:410,1
DA:411,1
DA:412,1
DA:413,1
DA:414,1
DA:415,1
DA:416,1
DA:417,0
DA:418,0
DA:419,0
DA:420,0
LF:420
LH:365
BRDA:416,0,0,0
BRDA:1,1,0,6
BRDA:1,2,0,1
BRDA:1,3,0,2
BRDA:1,4,0,3
BRDA:1,5,0,1
BRDA:1,6,0,32
BRDA:1,7,0,3
BRDA:1,8,0,2
BRDA:1,9,0,0
BRDA:1,10,0,0
BRDA:1,11,0,1
BRDA:1,12,0,1
BRDA:42,13,0,31
BRDA:47,14,0,2
BRDA:47,15,0,0
BRDA:52,16,0,29
BRDA:52,17,0,2
BRDA:60,18,0,0
BRDA:78,19,0,30
BRDA:81,20,0,2
BRDA:82,21,0,1
BRDA:86,22,0,29
BRDA:86,23,0,1
BRDA:95,24,0,29
BRDA:102,25,0,36
BRDA:136,26,0,1
BRDA:142,27,0,1
BRDA:147,28,0,2
BRDA:155,29,0,0
BRDA:166,30,0,10
BRDA:169,31,0,2
BRDA:169,32,0,8
BRDA:170,33,0,1
BRDA:170,34,0,9
BRDA:172,35,0,1
BRDA:181,36,0,9
BRDA:181,37,0,0
BRDA:190,38,0,9
BRDA:202,39,0,0
BRDA:209,40,0,3
BRDA:212,41,0,0
BRDA:216,42,0,1
BRDA:217,43,0,2
BRDA:218,44,0,1
BRDA:222,45,0,1
BRDA:223,46,0,2
BRDA:224,47,0,1
BRDA:240,48,0,6
BRDA:245,49,0,0
BRDA:253,50,0,1
BRDA:256,51,0,0
BRDA:278,52,0,0
BRDA:286,53,0,2
BRDA:292,54,0,1
BRDA:302,55,0,0
BRDA:311,56,0,4
BRDA:324,57,0,0
BRDA:332,58,0,1
BRDA:347,59,0,0
BRDA:357,60,0,1
BRDA:362,61,0,0
BRDA:370,62,0,6
BRDA:373,63,0,0
BRDA:386,64,0,0
BRDA:396,65,0,1
BRDA:401,66,0,1
BRF:67
BRH:49
end_of_record
TN:
SF:apps/executive-desk/api/receipt-queries.ts
FN:1,__name
FN:1,__export
FN:1,__copyProps
FN:1,get
FN:1,__toCommonJS
FN:1,getReceiptQueriesService
FN:1,receiptQueriesService
FN:1,<static_initializer>
FN:55,listReceipts
FN:121,getReceiptById
FN:129,getStatistics
FN:275,exportReceipts
FN:351,getWindowMs
FN:365,getTimeBucket
FN:380,escapeCsv
FN:393,getReceiptQueriesService
FNF:16
FNH:14
FNDA:2,__name
FNDA:1,__export
FNDA:1,__copyProps
FNDA:16,get
FNDA:1,__toCommonJS
FNDA:0,getReceiptQueriesService
FNDA:16,receiptQueriesService
FNDA:1,<static_initializer>
FNDA:9,listReceipts
FNDA:2,getReceiptById
FNDA:1,getStatistics
FNDA:3,exportReceipts
FNDA:1,getWindowMs
FNDA:2,getTimeBucket
FNDA:14,escapeCsv
FNDA:0,getReceiptQueriesService
DA:1,1
DA:2,1
DA:3,1
DA:4,1
DA:5,1
DA:6,1
DA:7,1
DA:8,1
DA:9,1
DA:10,1
DA:11,1
DA:12,1
DA:13,1
DA:14,1
DA:15,1
DA:16,1
DA:17,1
DA:18,1
DA:19,1
DA:20,1
DA:21,1
DA:22,1
DA:23,1
DA:24,1
DA:25,1
DA:26,1
DA:27,1
DA:28,1
DA:29,1
DA:30,1
DA:31,1
DA:32,1
DA:33,1
DA:34,1
DA:35,1
DA:36,1
DA:37,1
DA:38,1
DA:39,1
DA:40,1
DA:41,1
DA:42,1
DA:43,1
DA:44,1
DA:45,1
DA:46,1
DA:47,1
DA:48,1
DA:49,1
DA:50,1
DA:51,1
DA:52,1
DA:53,1
DA:54,1
DA:55,1
DA:56,9
DA:57,9
DA:58,9
DA:59,9
DA:60,9
DA:61,0
DA:62,0
DA:63,9
DA:64,0
DA:65,0
DA:66,9
DA:67,9
DA:68,9
DA:69,9
DA:70,9
DA:71,9
DA:72,9
DA:73,1
DA:74,1
DA:75,9
DA:76,9
DA:77,9
DA:78,1
DA:79,1
DA:80,9
DA:81,9
DA:82,9
DA:83,0
DA:84,0
DA:85,9
DA:86,9
DA:87,9
DA:88,0
DA:89,0
DA:90,9
DA:91,9
DA:92,9
DA:93,0
DA:94,0
DA:95,0
DA:96,0
DA:97,0
DA:98,9
DA:99,9
DA:100,0
DA:101,0
DA:102,0
DA:103,0
DA:104,0
DA:105,9
DA:106,9
DA:107,9
DA:108,9
DA:109,9
DA:110,9
DA:111,9
DA:112,9
DA:113,9
DA:114,9
DA:115,9
DA:116,9
DA:117,1
DA:118,1
DA:119,1
DA:120,1
DA:121,1
DA:122,2
DA:123,2
DA:124,2
DA:125,1
DA:126,1
DA:127,1
DA:128,1
DA:129,1
DA:130,1
DA:131,1
DA:132,1
DA:133,1
DA:134,1
DA:135,1
DA:136,1
DA:137,1
DA:138,1
DA:139,1
DA:140,1
DA:141,0
DA:142,0
DA:143,1
DA:144,1
DA:145,0
DA:146,0
DA:147,1
DA:148,1
DA:149,0
DA:150,0
DA:151,1
DA:152,1
DA:153,0
DA:154,0
DA:155,1
DA:156,1
DA:157,1
DA:158,1
DA:159,1
DA:160,1
DA:161,1
DA:162,1
DA:163,1
DA:164,1
DA:165,1
DA:166,1
DA:167,1
DA:168,1
DA:169,1
DA:170,1
DA:171,1
DA:172,1
DA:173,1
DA:174,1
DA:175,2
DA:176,2
DA:177,1
DA:178,1
DA:179,1
DA:180,1
DA:181,1
DA:182,1
DA:183,1
DA:184,2
DA:185,2
DA:186,2
DA:187,2
DA:188,2
DA:189,2
DA:190,2
DA:191,1
DA:192,1
DA:193,1
DA:194,1
DA:195,2
DA:196,2
DA:197,2
DA:198,1
DA:199,1
DA:200,1
DA:201,1
DA:202,1
DA:203,1
DA:204,1
DA:205,2
DA:206,1
DA:207,1
DA:208,2
DA:209,2
DA:210,2
DA:211,2
DA:212,1
DA:213,1
DA:214,1
DA:215,1
DA:216,1
DA:217,1
DA:218,1
DA:219,1
DA:220,1
DA:221,1
DA:222,1
DA:223,1
DA:224,1
DA:225,1
DA:226,1
DA:227,1
DA:228,1
DA:229,1
DA:230,2
DA:231,2
DA:232,2
DA:233,2
DA:234,1
DA:235,1
DA:236,2
DA:237,2
DA:238,2
DA:239,1
DA:240,1
DA:241,0
DA:242,0
DA:243,2
DA:244,2
DA:245,2
DA:246,1
DA:247,1
DA:248,1
DA:249,1
DA:250,1
DA:251,1
DA:252,1
DA:253,1
DA:254,1
DA:255,1
DA:256,1
DA:257,0
DA:258,1
DA:259,1
DA:260,1
DA:261,1
DA:262,1
DA:263,1
DA:264,1
DA:265,1
DA:266,1
DA:267,1
DA:268,1
DA:269,1
DA:270,1
DA:271,1
DA:272,1
DA:273,1
DA:274,1
DA:275,1
DA:276,3
DA:277,3
DA:278,3
DA:279,3
DA:280,3
DA:281,3
DA:282,3
DA:283,3
DA:284,3
DA:285,0
DA:286,0
DA:287,3
DA:288,3
DA:289,0
DA:290,0
DA:291,3
DA:292,3
DA:293,0
DA:294,0
DA:295,0
DA:296,0
DA:297,0
DA:298,3
DA:299,3
DA:300,0
DA:301,0
DA:302,0
DA:303,0
DA:304,0
DA:305,3
DA:306,3
DA:307,3
DA:308,3
DA:309,3
DA:310,3
DA:311,3
DA:312,1
DA:313,1
DA:314,2
DA:315,2
DA:316,3
DA:317,1
DA:318,1
DA:319,1
DA:320,1
DA:321,1
DA:322,1
DA:323,1
DA:324,1
DA:325,1
DA:326,1
DA:327,1
DA:328,1
DA:329,1
DA:330,1
DA:331,1
DA:332,1
DA:333,1
DA:334,2
DA:335,2
DA:336,2
DA:337,2
DA:338,2
DA:339,2
DA:340,2
DA:341,2
DA:342,2
DA:343,2
DA:344,2
DA:345,2
DA:346,2
DA:347,1
DA:348,3
DA:349,1
DA:350,1
DA:351,1
DA:352,1
DA:353,1
DA:354,1
DA:355,1
DA:356,1
DA:357,1
DA:358,1
DA:359,1
DA:360,1
DA:361,1
DA:362,1
DA:363,1
DA:364,1
DA:365,1
DA:366,2
DA:367,2
DA:368,2
DA:369,0
DA:370,2
DA:371,2
DA:372,2
DA:373,0
DA:374,0
DA:375,2
DA:376,2
DA:377,2
DA:378,1
DA:379,1
DA:380,1
DA:381,14
DA:382,0
DA:383,0
DA:384,14
DA:385,0
DA:386,0
DA:387,14
DA:388,14
DA:389,1
DA:390,1
DA:391,1
DA:392,1
DA:393,0
DA:394,0
DA:395,0
LF:395
LH:342
BRDA:393,0,0,0
BRDA:1,1,0,2
BRDA:1,2,0,1
BRDA:1,3,0,2
BRDA:1,4,0,1
BRDA:1,5,0,0
BRDA:1,6,0,2
BRDA:1,7,0,16
BRDA:1,8,0,1
BRDA:1,9,0,16
BRDA:1,10,0,1
BRDA:55,11,0,9
BRDA:57,12,0,0
BRDA:58,13,0,0
BRDA:60,14,0,0
BRDA:63,15,0,0
BRDA:72,16,0,1
BRDA:77,17,0,1
BRDA:82,18,0,0
BRDA:87,19,0,0
BRDA:92,20,0,0
BRDA:99,21,0,0
BRDA:73,22,0,2
BRDA:78,23,0,2
BRDA:108,24,0,5
BRDA:121,25,0,2
BRDA:123,26,0,1
BRDA:129,27,0,1
BRDA:140,28,0,0
BRDA:144,29,0,0
BRDA:148,30,0,0
BRDA:152,31,0,0
BRDA:179,32,0,0
BRDA:162,33,0,2
BRDA:167,34,0,2
BRDA:168,35,0,2
BRDA:169,36,0,2
BRDA:170,37,0,2
BRDA:174,38,0,2
BRDA:176,39,0,1
BRDA:179,40,0,1
BRDA:183,41,0,2
BRDA:190,42,0,1
BRDA:194,43,0,2
BRDA:197,44,0,2
BRDA:199,45,0,1
BRDA:204,46,0,2
BRDA:205,47,0,1
BRDA:211,48,0,1
BRDA:215,49,0,1
BRDA:218,50,0,2
BRDA:229,51,0,2
BRDA:231,52,0,0
BRDA:233,53,0,1
BRDA:238,54,0,1
BRDA:240,55,0,0
BRDA:245,56,0,1
BRDA:250,57,0,1
BRDA:256,58,0,0
BRDA:256,59,0,1
BRDA:275,60,0,3
BRDA:284,61,0,0
BRDA:288,62,0,0
BRDA:292,63,0,0
BRDA:299,64,0,0
BRDA:311,65,0,1
BRDA:313,66,0,2
BRDA:316,67,0,2
BRDA:316,68,0,1
BRDA:333,69,0,2
BRDA:342,70,0,1
BRDA:343,71,0,0
BRDA:308,72,0,3
BRDA:351,73,0,1
BRDA:365,74,0,2
BRDA:368,75,0,0
BRDA:372,76,0,0
BRDA:380,77,0,14
BRDA:381,78,0,0
BRDA:384,79,0,0
BRF:80
BRH:53
end_of_record
TN:
SF:apps/executive-desk/api/risk-api.ts
FN:1,__name
FN:1,__export
FN:1,__copyProps
FN:1,get
FN:1,__toCommonJS
FN:1,getRiskApiService
FN:1,riskApiService
FN:48,<instance_members_initializer>
FN:1,<static_initializer>
FN:55,getCurrentRiskStatus
FN:112,getRiskFactorsHistory
FN:209,getWindowMs
FN:223,getTimeBucket
FN:240,getRiskApiService
FNF:14
FNH:13
FNDA:2,__name
FNDA:1,__export
FNDA:1,__copyProps
FNDA:7,get
FNDA:1,__toCommonJS
FNDA:7,getRiskApiService
FNDA:0,riskApiService
FNDA:1,<instance_members_initializer>
FNDA:1,<static_initializer>
FNDA:1,getCurrentRiskStatus
FNDA:6,getRiskFactorsHistory
FNDA:6,getWindowMs
FNDA:6,getTimeBucket
FNDA:7,getRiskApiService
DA:1,1
DA:2,1
DA:3,1
DA:4,1
DA:5,1
DA:6,1
DA:7,1
DA:8,1
DA:9,1
DA:10,1
DA:11,1
DA:12,1
DA:13,1
DA:14,1
DA:15,1
DA:16,1
DA:17,1
DA:18,1
DA:19,1
DA:20,1
DA:21,1
DA:22,1
DA:23,1
DA:24,1
DA:25,1
DA:26,1
DA:27,1
DA:28,1
DA:29,1
DA:30,1
DA:31,1
DA:32,1
DA:33,1
DA:34,1
DA:35,1
DA:36,1
DA:37,1
DA:38,1
DA:39,1
DA:40,1
DA:41,1
DA:42,1
DA:43,1
DA:44,1
DA:45,1
DA:46,1
DA:47,1
DA:48,1
DA:49,1
DA:50,1
DA:51,1
DA:52,1
DA:53,1
DA:54,1
DA:55,1
DA:56,1
DA:57,1
DA:58,1
DA:59,1
DA:60,1
DA:61,1
DA:62,1
DA:63,1
DA:64,1
DA:65,1
DA:66,1
DA:67,1
DA:68,4
DA:69,4
DA:70,4
DA:71,4
DA:72,4
DA:73,4
DA:74,4
DA:75,1
DA:76,1
DA:77,1
DA:78,1
DA:79,1
DA:80,1
DA:81,1
DA:82,1
DA:83,1
DA:84,1
DA:85,0
DA:86,0
DA:87,0
DA:88,0
DA:89,0
DA:90,0
DA:91,0
DA:92,0
DA:93,0
DA:94,0
DA:95,0
DA:96,0
DA:97,0
DA:98,0
DA:99,0
DA:100,0
DA:101,0
DA:102,0
DA:103,0
DA:104,0
DA:105,0
DA:106,0
DA:107,1
DA:108,1
DA:109,1
DA:110,1
DA:111,1
DA:112,1
DA:113,6
DA:114,6
DA:115,6
DA:116,6
DA:117,6
DA:118,6
DA:119,6
DA:120,6
DA:121,6
DA:122,6
DA:123,6
DA:124,6
DA:125,6
DA:126,6
DA:127,6
DA:128,6
DA:129,6
DA:130,6
DA:131,6
DA:132,6
DA:133,6
DA:134,6
DA:135,12
DA:136,12
DA:137,12
DA:138,12
DA:139,6
DA:140,6
DA:141,6
DA:142,6
DA:143,6
DA:144,6
DA:145,6
DA:146,6
DA:147,6
DA:148,6
DA:149,6
DA:150,6
DA:151,12
DA:152,12
DA:153,12
DA:154,12
DA:155,12
DA:156,6
DA:157,6
DA:158,6
DA:159,6
DA:160,6
DA:161,6
DA:162,6
DA:163,6
DA:164,6
DA:165,6
DA:166,6
DA:167,6
DA:168,6
DA:169,6
DA:170,6
DA:171,6
DA:172,6
DA:173,6
DA:174,6
DA:175,6
DA:176,6
DA:177,6
DA:178,6
DA:179,6
DA:180,6
DA:181,6
DA:182,6
DA:183,6
DA:184,6
DA:185,6
DA:186,6
DA:187,6
DA:188,6
DA:189,6
DA:190,6
DA:191,6
DA:192,6
DA:193,6
DA:194,6
DA:195,6
DA:196,6
DA:197,0
DA:198,0
DA:199,0
DA:200,0
DA:201,0
DA:202,0
DA:203,0
DA:204,6
DA:205,6
DA:206,6
DA:207,1
DA:208,1
DA:209,1
DA:210,6
DA:211,6
DA:212,6
DA:213,6
DA:214,6
DA:215,6
DA:216,6
DA:217,6
DA:218,6
DA:219,6
DA:220,6
DA:221,1
DA:222,1
DA:223,1
DA:224,6
DA:225,6
DA:226,6
DA:227,0
DA:228,6
DA:229,6
DA:230,6
DA:231,0
DA:232,0
DA:233,6
DA:234,6
DA:235,6
DA:236,1
DA:237,1
DA:238,1
DA:239,1
DA:240,7
DA:241,7
DA:242,7
LF:242
LH:210
BRDA:240,0,0,0
BRDA:1,1,0,2
BRDA:1,2,0,1
BRDA:1,3,0,2
BRDA:1,4,0,1
BRDA:1,5,0,0
BRDA:1,6,0,2
BRDA:1,7,0,7
BRDA:1,8,0,1
BRDA:1,9,0,7
BRDA:48,10,0,1
BRDA:1,11,0,1
BRDA:55,12,0,1
BRDA:84,13,0,0
BRDA:67,14,0,4
BRDA:112,15,0,6
BRDA:196,16,0,0
BRDA:125,17,0,12
BRDA:134,18,0,12
BRDA:138,19,0,6
BRDA:151,20,0,6
BRDA:152,21,0,6
BRDA:153,22,0,0
BRDA:163,23,0,6
BRDA:165,24,0,6
BRDA:167,25,0,6
BRDA:169,26,0,6
BRDA:171,27,0,6
BRDA:183,28,0,6
BRDA:188,29,0,6
BRDA:190,30,0,6
BRDA:192,31,0,6
BRDA:194,32,0,6
BRDA:209,33,0,6
BRDA:223,34,0,6
BRDA:226,35,0,0
BRDA:230,36,0,0
BRDA:240,37,0,7
BRF:38
BRH:31
end_of_record
TN:
SF:apps/executive-desk/db/setup.ts
FN:1,(empty-report)
FNF:1
FNH:0
FNDA:0,(empty-report)
DA:1,0
DA:2,0
DA:3,0
DA:4,0
DA:5,0
DA:6,0
DA:7,0
DA:8,0
DA:9,0
DA:10,0
DA:11,0
DA:12,0
DA:13,0
DA:14,0
DA:15,0
DA:16,0
DA:17,0
DA:18,0
DA:19,0
DA:20,0
DA:21,0
DA:22,0
DA:23,0
DA:24,0
DA:25,0
DA:26,0
DA:27,0
DA:28,0
DA:29,0
DA:30,0
DA:31,0
DA:32,0
DA:33,0
DA:34,0
DA:35,0
DA:36,0
DA:37,0
DA:38,0
DA:39,0
DA:40,0
DA:41,0
DA:42,0
DA:43,0
DA:44,0
DA:45,0
DA:46,0
DA:47,0
DA:48,0
DA:49,0
DA:50,0
DA:51,0
DA:52,0
DA:53,0
DA:54,0
DA:55,0
DA:56,0
DA:57,0
DA:58,0
DA:59,0
DA:60,0
DA:61,0
DA:62,0
DA:63,0
DA:64,0
DA:65,0
DA:66,0
DA:67,0
DA:68,0
DA:69,0
DA:70,0
DA:71,0
DA:72,0
DA:73,0
DA:74,0
DA:75,0
DA:76,0
DA:77,0
DA:78,0
DA:79,0
DA:80,0
DA:81,0
DA:82,0
DA:83,0
DA:84,0
DA:85,0
DA:86,0
DA:87,0
DA:88,0
DA:89,0
DA:90,0
DA:91,0
DA:92,0
DA:93,0
DA:94,0
DA:95,0
DA:96,0
DA:97,0
DA:98,0
LF:98
LH:0
BRDA:1,0,0,0
BRF:1
BRH:0
end_of_record
TN:
SF:apps/executive-desk/proxy/command-handler.ts
FN:1,__name
FN:1,__export
FN:1,__copyProps
FN:1,get
FN:1,__toCommonJS
FN:1,handleCommand
FN:49,validateRequest
FN:76,executeDiagnosis
FN:96,handleCommand
FNF:9
FNH:9
FNDA:3,__name
FNDA:1,__export
FNDA:1,__copyProps
FNDA:18,get
FNDA:1,__toCommonJS
FNDA:18,handleCommand
FNDA:10,validateRequest
FNDA:3,executeDiagnosis
FNDA:10,handleCommand
DA:1,18
DA:2,1
DA:3,1
DA:4,1
DA:5,1
DA:6,1
DA:7,1
DA:8,1
DA:9,1
DA:10,1
DA:11,1
DA:12,1
DA:13,1
DA:14,1
DA:15,1
DA:16,1
DA:17,1
DA:18,1
DA:19,1
DA:20,1
DA:21,1
DA:22,1
DA:23,1
DA:24,1
DA:25,1
DA:26,1
DA:27,1
DA:28,1
DA:29,1
DA:30,1
DA:31,1
DA:32,1
DA:33,1
DA:34,1
DA:35,1
DA:36,1
DA:37,1
DA:38,1
DA:39,1
DA:40,1
DA:41,1
DA:42,1
DA:43,1
DA:44,1
DA:45,1
DA:46,1
DA:47,1
DA:48,1
DA:49,10
DA:50,10
DA:51,10
DA:52,10
DA:53,0
DA:54,10
DA:55,3
DA:56,3
DA:57,10
DA:58,10
DA:59,0
DA:60,10
DA:61,2
DA:62,2
DA:63,10
DA:64,10
DA:65,1
DA:66,10
DA:67,1
DA:68,1
DA:69,10
DA:70,10
DA:71,10
DA:72,1
DA:73,1
DA:74,1
DA:75,1
DA:76,3
DA:77,3
DA:78,3
DA:79,3
DA:80,3
DA:81,3
DA:82,3
DA:83,3
DA:84,3
DA:85,3
DA:86,3
DA:87,3
DA:88,3
DA:89,3
DA:90,3
DA:91,3
DA:92,1
DA:93,1
DA:94,1
DA:95,1
DA:96,10
DA:97,10
DA:98,10
DA:99,10
DA:100,10
DA:101,10
DA:102,7
DA:103,7
DA:104,7
DA:105,7
DA:106,7
DA:107,7
DA:108,7
DA:109,7
DA:110,7
DA:111,7
DA:112,7
DA:113,7
DA:114,7
DA:115,7
DA:116,7
DA:117,7
DA:118,7
DA:119,7
DA:120,7
DA:121,7
DA:122,7
DA:123,7
DA:124,7
DA:125,7
DA:126,7
DA:127,7
DA:128,7
DA:129,7
DA:130,7
DA:131,7
DA:132,7
DA:133,7
DA:134,7
DA:135,7
DA:136,7
DA:137,7
DA:138,7
DA:139,7
DA:140,7
DA:141,7
DA:142,7
DA:143,7
DA:144,7
DA:145,7
DA:146,7
DA:147,7
DA:148,7
DA:149,10
DA:150,10
DA:151,10
DA:152,3
DA:153,3
DA:154,3
DA:155,3
DA:156,3
DA:157,10
DA:158,0
DA:159,0
DA:160,0
DA:161,0
DA:162,0
DA:163,0
DA:164,0
DA:165,0
DA:166,0
DA:167,0
DA:168,0
DA:169,0
DA:170,0
DA:171,0
DA:172,0
DA:173,0
DA:174,0
DA:175,0
DA:176,0
DA:177,0
DA:178,0
DA:179,0
DA:180,0
DA:181,0
DA:182,0
DA:183,0
DA:184,0
DA:185,0
DA:186,0
DA:187,0
DA:188,0
DA:189,0
DA:190,0
DA:191,10
DA:192,10
DA:193,10
DA:194,3
DA:195,10
DA:196,0
DA:197,0
DA:198,0
DA:199,0
DA:200,0
DA:201,0
DA:202,0
DA:203,0
DA:204,0
DA:205,0
DA:206,0
DA:207,0
DA:208,0
DA:209,0
DA:210,0
DA:211,0
DA:212,0
DA:213,0
DA:214,0
DA:215,0
DA:216,0
DA:217,0
DA:218,0
DA:219,0
DA:220,0
DA:221,10
DA:222,10
DA:223,10
DA:224,3
DA:225,3
DA:226,10
DA:227,0
DA:228,0
DA:229,0
DA:230,0
DA:231,0
DA:232,0
DA:233,0
DA:234,0
DA:235,0
DA:236,0
DA:237,0
DA:238,0
DA:239,0
DA:240,0
DA:241,0
DA:242,0
DA:243,0
DA:244,0
DA:245,0
DA:246,0
DA:247,0
DA:248,0
DA:249,0
DA:250,0
DA:251,0
DA:252,10
DA:253,10
DA:254,10
DA:255,3
DA:256,3
DA:257,3
DA:258,3
DA:259,3
DA:260,3
DA:261,3
DA:262,3
DA:263,3
DA:264,3
DA:265,3
DA:266,3
DA:267,3
DA:268,3
DA:269,3
DA:270,3
DA:271,3
DA:272,3
DA:273,0
DA:274,10
DA:275,10
DA:276,10
DA:277,10
DA:278,10
DA:279,10
DA:280,3
DA:281,3
DA:282,3
DA:283,3
DA:284,3
DA:285,3
DA:286,10
DA:287,10
DA:288,10
DA:289,10
DA:290,10
DA:291,10
DA:292,10
LF:292
LH:206
BRDA:96,0,0,0
BRDA:1,1,0,3
BRDA:1,2,0,1
BRDA:1,3,0,1
BRDA:1,4,0,0
BRDA:1,5,0,18
BRDA:1,6,0,1
BRDA:1,7,0,18
BRDA:49,8,0,10
BRDA:52,9,0,0
BRDA:54,10,0,3
BRDA:58,11,0,0
BRDA:60,12,0,2
BRDA:64,13,0,1
BRDA:66,14,0,9
BRDA:66,15,0,1
BRDA:76,16,0,3
BRDA:81,17,0,0
BRDA:82,18,0,0
BRDA:83,19,0,0
BRDA:96,20,0,10
BRDA:101,21,0,7
BRDA:103,22,0,0
BRDA:104,23,0,0
BRDA:105,24,0,6
BRDA:105,25,0,2
BRDA:108,26,0,1
BRDA:123,27,0,0
BRDA:128,28,0,6
BRDA:128,29,0,2
BRDA:129,30,0,0
BRDA:137,31,0,0
BRDA:151,32,0,3
BRDA:157,33,0,0
BRDA:193,34,0,3
BRDA:195,35,0,0
BRDA:223,36,0,3
BRDA:226,37,0,0
BRDA:254,38,0,3
BRDA:272,39,0,0
BRDA:275,40,0,0
BRDA:279,41,0,3
BRDA:286,42,0,0
BRF:43
BRH:25
end_of_record
TN:
SF:apps/executive-desk/proxy/test-handler.ts
FN:1,(empty-report)
FNF:1
FNH:0
FNDA:0,(empty-report)
DA:1,0
DA:2,0
DA:3,0
DA:4,0
DA:5,0
DA:6,0
DA:7,0
DA:8,0
DA:9,0
DA:10,0
DA:11,0
DA:12,0
DA:13,0
DA:14,0
DA:15,0
DA:16,0
DA:17,0
DA:18,0
DA:19,0
DA:20,0
DA:21,0
DA:22,0
DA:23,0
DA:24,0
DA:25,0
DA:26,0
DA:27,0
DA:28,0
DA:29,0
DA:30,0
DA:31,0
DA:32,0
DA:33,0
DA:34,0
DA:35,0
DA:36,0
DA:37,0
DA:38,0
DA:39,0
DA:40,0
DA:41,0
DA:42,0
DA:43,0
DA:44,0
DA:45,0
DA:46,0
DA:47,0
DA:48,0
DA:49,0
DA:50,0
DA:51,0
DA:52,0
DA:53,0
DA:54,0
DA:55,0
DA:56,0
DA:57,0
DA:58,0
DA:59,0
DA:60,0
DA:61,0
DA:62,0
DA:63,0
DA:64,0
DA:65,0
DA:66,0
DA:67,0
DA:68,0
DA:69,0
DA:70,0
DA:71,0
DA:72,0
DA:73,0
DA:74,0
DA:75,0
DA:76,0
DA:77,0
DA:78,0
DA:79,0
DA:80,0
DA:81,0
DA:82,0
DA:83,0
DA:84,0
DA:85,0
DA:86,0
DA:87,0
DA:88,0
DA:89,0
DA:90,0
DA:91,0
DA:92,0
DA:93,0
DA:94,0
DA:95,0
DA:96,0
DA:97,0
DA:98,0
DA:99,0
DA:100,0
DA:101,0
DA:102,0
DA:103,0
DA:104,0
DA:105,0
DA:106,0
DA:107,0
DA:108,0
DA:109,0
DA:110,0
DA:111,0
DA:112,0
DA:113,0
DA:114,0
DA:115,0
DA:116,0
DA:117,0
LF:117
LH:0
BRDA:1,0,0,0
BRF:1
BRH:0
end_of_record
TN:
SF:apps/executive-desk/services/authority-check.ts
FN:1,__name
FN:1,__export
FN:1,__copyProps
FN:1,get
FN:1,__toCommonJS
FN:1,authorityCheckService
FN:1,<static_initializer>
FN:40,check
FNF:8
FNH:8
FNDA:1,__name
FNDA:1,__export
FNDA:1,__copyProps
FNDA:9,get
FNDA:1,__toCommonJS
FNDA:9,authorityCheckService
FNDA:1,<static_initializer>
FNDA:15,check
DA:1,1
DA:2,1
DA:3,1
DA:4,1
DA:5,1
DA:6,1
DA:7,1
DA:8,1
DA:9,1
DA:10,1
DA:11,1
DA:12,1
DA:13,1
DA:14,1
DA:15,1
DA:16,1
DA:17,1
DA:18,1
DA:19,1
DA:20,1
DA:21,1
DA:22,1
DA:23,1
DA:24,1
DA:25,1
DA:26,1
DA:27,1
DA:28,1
DA:29,1
DA:30,1
DA:31,1
DA:32,1
DA:33,1
DA:34,1
DA:35,1
DA:36,1
DA:37,1
DA:38,1
DA:39,1
DA:40,1
DA:41,15
DA:42,15
DA:43,15
DA:44,15
DA:45,15
DA:46,15
DA:47,15
DA:48,15
DA:49,1
DA:50,1
DA:51,1
DA:52,1
DA:53,1
DA:54,1
DA:55,1
DA:56,1
DA:57,1
DA:58,1
DA:59,15
DA:60,15
DA:61,15
DA:62,15
DA:63,0
DA:64,0
DA:65,0
DA:66,0
DA:67,0
DA:68,0
DA:69,0
DA:70,0
DA:71,0
DA:72,0
DA:73,15
DA:74,8
DA:75,8
DA:76,8
DA:77,8
DA:78,8
DA:79,8
DA:80,15
DA:81,0
DA:82,0
DA:83,0
DA:84,15
DA:85,15
DA:86,0
DA:87,0
DA:88,0
DA:89,15
DA:90,8
DA:91,0
DA:92,0
DA:93,0
DA:94,0
DA:95,0
DA:96,0
DA:97,0
DA:98,0
DA:99,0
DA:100,0
DA:101,8
DA:102,8
DA:103,8
DA:104,8
DA:105,8
DA:106,8
DA:107,8
DA:108,8
DA:109,8
DA:110,8
DA:111,8
DA:112,8
DA:113,8
DA:114,8
DA:115,8
DA:116,8
DA:117,8
DA:118,8
DA:119,15
DA:120,0
DA:121,0
DA:122,0
DA:123,0
DA:124,0
DA:125,0
DA:126,0
DA:127,0
DA:128,0
DA:129,15
DA:130,0
DA:131,0
DA:132,0
DA:133,15
DA:134,15
DA:135,15
DA:136,15
DA:137,8
DA:138,8
DA:139,8
DA:140,8
DA:141,8
DA:142,8
DA:143,8
DA:144,0
DA:145,15
DA:146,15
DA:147,15
DA:148,15
DA:149,15
DA:150,15
DA:151,15
DA:152,15
DA:153,15
DA:154,15
DA:155,15
DA:156,15
DA:157,15
DA:158,15
DA:159,1
DA:160,1
DA:161,1
LF:161
LH:122
BRDA:161,0,0,0
BRDA:1,1,0,1
BRDA:1,2,0,1
BRDA:1,3,0,1
BRDA:1,4,0,0
BRDA:1,5,0,9
BRDA:1,6,0,1
BRDA:1,7,0,9
BRDA:1,8,0,1
BRDA:40,9,0,15
BRDA:48,10,0,14
BRDA:48,11,0,1
BRDA:61,12,0,8
BRDA:62,13,0,0
BRDA:73,14,0,8
BRDA:80,15,0,0
BRDA:85,16,0,8
BRDA:85,17,0,0
BRDA:89,18,0,8
BRDA:90,19,0,0
BRDA:119,20,0,0
BRDA:129,21,0,0
BRDA:136,22,0,8
BRDA:143,23,0,0
BRF:24
BRH:15
end_of_record
TN:
SF:apps/executive-desk/services/delegation-rules.ts
FN:1,__name
FN:1,__export
FN:1,__copyProps
FN:1,get
FN:1,__toCommonJS
FN:1,InMemoryDelegationRulesEngine
FN:1,PostgresDelegationRulesEngine
FN:1,createDelegationRulesEngine
FN:1,getDelegationRulesEngine
FN:1,resetDelegationRulesEngine
FN:59,<instance_members_initializer>
FN:1,<static_initializer>
FN:62,grantDelegation
FN:91,revokeDelegation
FN:99,findApplicableRules
FN:142,evaluateEffectiveDelegations
FN:169,list
FN:175,count
FN:183,<instance_members_initializer>
FN:1,<static_initializer>
FN:249,createDelegationRulesEngine
FN:264,getDelegationRulesEngine
FN:274,resetDelegationRulesEngine
FNF:23
FNH:13
FNDA:5,__name
FNDA:1,__export
FNDA:1,__copyProps
FNDA:13,get
FNDA:1,__toCommonJS
FNDA:0,InMemoryDelegationRulesEngine
FNDA:0,PostgresDelegationRulesEngine
FNDA:0,createDelegationRulesEngine
FNDA:13,getDelegationRulesEngine
FNDA:0,resetDelegationRulesEngine
FNDA:1,<instance_members_initializer>
FNDA:1,<static_initializer>
FNDA:0,grantDelegation
FNDA:0,revokeDelegation
FNDA:8,findApplicableRules
FNDA:0,evaluateEffectiveDelegations
FNDA:5,list
FNDA:0,count
FNDA:0,<instance_members_initializer>
FNDA:1,<static_initializer>
FNDA:1,createDelegationRulesEngine
FNDA:13,getDelegationRulesEngine
FNDA:0,resetDelegationRulesEngine
DA:1,1
DA:2,1
DA:3,1
DA:4,1
DA:5,1
DA:6,1
DA:7,1
DA:8,1
DA:9,1
DA:10,1
DA:11,1
DA:12,1
DA:13,1
DA:14,1
DA:15,1
DA:16,1
DA:17,1
DA:18,1
DA:19,1
DA:20,1
DA:21,1
DA:22,1
DA:23,1
DA:24,1
DA:25,1
DA:26,1
DA:27,1
DA:28,1
DA:29,1
DA:30,1
DA:31,1
DA:32,1
DA:33,1
DA:34,1
DA:35,1
DA:36,1
DA:37,1
DA:38,1
DA:39,1
DA:40,1
DA:41,1
DA:42,1
DA:43,1
DA:44,1
DA:45,1
DA:46,1
DA:47,1
DA:48,1
DA:49,1
DA:50,1
DA:51,1
DA:52,1
DA:53,1
DA:54,1
DA:55,1
DA:56,1
DA:57,1
DA:58,1
DA:59,1
DA:60,1
DA:61,1
DA:62,1
DA:63,1
DA:64,1
DA:65,1
DA:66,1
DA:67,1
DA:68,1
DA:69,1
DA:70,1
DA:71,1
DA:72,1
DA:73,1
DA:74,1
DA:75,1
DA:76,1
DA:77,1
DA:78,1
DA:79,1
DA:80,1
DA:81,1
DA:82,1
DA:83,1
DA:84,1
DA:85,1
DA:86,1
DA:87,1
DA:88,1
DA:89,1
DA:90,1
DA:91,1
DA:92,1
DA:93,1
DA:94,1
DA:95,1
DA:96,1
DA:97,1
DA:98,1
DA:99,1
DA:100,1
DA:101,1
DA:102,1
DA:103,1
DA:104,1
DA:105,1
DA:106,1
DA:107,1
DA:108,1
DA:109,1
DA:110,1
DA:111,1
DA:112,1
DA:113,1
DA:114,1
DA:115,1
DA:116,1
DA:117,1
DA:118,1
DA:119,1
DA:120,1
DA:121,1
DA:122,1
DA:123,1
DA:124,1
DA:125,1
DA:126,1
DA:127,1
DA:128,1
DA:129,1
DA:130,1
DA:131,1
DA:132,1
DA:133,1
DA:134,1
DA:135,1
DA:136,1
DA:137,1
DA:138,1
DA:139,1
DA:140,1
DA:141,1
DA:142,1
DA:143,1
DA:144,1
DA:145,1
DA:146,1
DA:147,1
DA:148,1
DA:149,1
DA:150,1
DA:151,1
DA:152,1
DA:153,1
DA:154,1
DA:155,1
DA:156,1
DA:157,1
DA:158,1
DA:159,1
DA:160,1
DA:161,1
DA:162,1
DA:163,1
DA:164,1
DA:165,1
DA:166,1
DA:167,1
DA:168,1
DA:169,1
DA:170,1
DA:171,1
DA:172,1
DA:173,1
DA:174,1
DA:175,1
DA:176,1
DA:177,1
DA:178,1
DA:179,1
DA:180,1
DA:181,1
DA:182,1
DA:183,1
DA:184,0
DA:185,0
DA:186,0
DA:187,0
DA:188,0
DA:189,0
DA:190,0
DA:191,0
DA:192,0
DA:193,0
DA:194,0
DA:195,0
DA:196,0
DA:197,0
DA:198,0
DA:199,0
DA:200,0
DA:201,0
DA:202,0
DA:203,0
DA:204,0
DA:205,0
DA:206,0
DA:207,0
DA:208,0
DA:209,0
DA:210,0
DA:211,0
DA:212,0
DA:213,0
DA:214,0
DA:215,0
DA:216,0
DA:217,0
DA:218,0
DA:219,0
DA:220,0
DA:221,0
DA:222,0
DA:223,0
DA:224,0
DA:225,0
DA:226,0
DA:227,0
DA:228,0
DA:229,0
DA:230,0
DA:231,0
DA:232,0
DA:233,0
DA:234,0
DA:235,0
DA:236,0
DA:237,0
DA:238,0
DA:239,0
DA:240,0
DA:241,0
DA:242,0
DA:243,0
DA:244,0
DA:245,1
DA:246,1
DA:247,1
DA:248,1
DA:249,1
DA:250,1
DA:251,1
DA:252,1
DA:253,0
DA:254,0
DA:255,1
DA:256,1
DA:257,1
DA:258,1
DA:259,1
DA:260,1
DA:261,1
DA:262,1
DA:263,1
DA:264,13
DA:265,13
DA:266,1
DA:267,1
DA:268,13
DA:269,13
DA:270,1
DA:271,1
DA:272,1
DA:273,1
DA:274,1
DA:275,0
DA:276,0
DA:277,1
DA:278,1
DA:279,1
LF:279
LH:214
BRDA:274,0,0,0
BRDA:1,1,0,5
BRDA:1,2,0,1
BRDA:1,3,0,5
BRDA:1,4,0,1
BRDA:1,5,0,0
BRDA:1,6,0,5
BRDA:1,7,0,13
BRDA:1,8,0,1
BRDA:1,9,0,13
BRDA:59,10,0,1
BRDA:1,11,0,1
BRDA:99,12,0,8
BRDA:107,13,0,0
BRDA:169,14,0,5
BRDA:183,15,0,0
BRDA:1,16,0,1
BRDA:249,17,0,1
BRDA:252,18,0,0
BRDA:264,19,0,13
BRDA:265,20,0,1
BRF:21
BRH:16
end_of_record
TN:
SF:apps/executive-desk/services/identity-graph-client.ts
FN:1,__name
FN:1,__export
FN:1,__copyProps
FN:1,get
FN:1,__toCommonJS
FN:1,EntraIdIdentityGraphClient
FN:1,GitHubOidcIdentityGraphClient
FN:1,MockIdentityGraphClient
FN:1,createIdentityGraphClient
FN:1,getIdentityGraphClient
FN:1,resetIdentityGraphClient
FN:32,<instance_members_initializer>
FN:1,<static_initializer>
FN:70,getPrincipal
FN:74,getPrincipalGroups
FN:79,getPrincipalRoles
FN:84,isMemberOf
FN:89,hasRole
FN:94,verify
FN:105,addMockPrincipal
FN:114,<instance_members_initializer>
FN:1,<static_initializer>
FN:169,<instance_members_initializer>
FN:1,<static_initializer>
FN:215,createIdentityGraphClient
FN:235,getIdentityGraphClient
FN:245,resetIdentityGraphClient
FNF:27
FNH:13
FNDA:6,__name
FNDA:1,__export
FNDA:1,__copyProps
FNDA:8,get
FNDA:1,__toCommonJS
FNDA:0,EntraIdIdentityGraphClient
FNDA:0,GitHubOidcIdentityGraphClient
FNDA:0,MockIdentityGraphClient
FNDA:0,createIdentityGraphClient
FNDA:8,getIdentityGraphClient
FNDA:0,resetIdentityGraphClient
FNDA:1,<instance_members_initializer>
FNDA:1,<static_initializer>
FNDA:8,getPrincipal
FNDA:0,getPrincipalGroups
FNDA:0,getPrincipalRoles
FNDA:0,isMemberOf
FNDA:0,hasRole
FNDA:0,verify
FNDA:0,addMockPrincipal
FNDA:0,<instance_members_initializer>
FNDA:1,<static_initializer>
FNDA:0,<instance_members_initializer>
FNDA:1,<static_initializer>
FNDA:1,createIdentityGraphClient
FNDA:8,getIdentityGraphClient
FNDA:0,resetIdentityGraphClient
DA:1,1
DA:2,1
DA:3,1
DA:4,1
DA:5,1
DA:6,1
DA:7,1
DA:8,1
DA:9,1
DA:10,1
DA:11,1
DA:12,1
DA:13,1
DA:14,1
DA:15,1
DA:16,1
DA:17,1
DA:18,1
DA:19,1
DA:20,1
DA:21,1
DA:22,1
DA:23,1
DA:24,1
DA:25,1
DA:26,1
DA:27,1
DA:28,1
DA:29,1
DA:30,1
DA:31,1
DA:32,1
DA:33,1
DA:34,1
DA:35,1
DA:36,1
DA:37,1
DA:38,1
DA:39,1
DA:40,1
DA:41,1
DA:42,1
DA:43,1
DA:44,1
DA:45,1
DA:46,1
DA:47,1
DA:48,1
DA:49,1
DA:50,1
DA:51,1
DA:52,1
DA:53,1
DA:54,1
DA:55,1
DA:56,1
DA:57,1
DA:58,1
DA:59,1
DA:60,1
DA:61,1
DA:62,1
DA:63,1
DA:64,1
DA:65,1
DA:66,1
DA:67,1
DA:68,1
DA:69,1
DA:70,1
DA:71,1
DA:72,1
DA:73,1
DA:74,1
DA:75,1
DA:76,1
DA:77,1
DA:78,1
DA:79,1
DA:80,1
DA:81,1
DA:82,1
DA:83,1
DA:84,1
DA:85,1
DA:86,1
DA:87,1
DA:88,1
DA:89,1
DA:90,1
DA:91,1
DA:92,1
DA:93,1
DA:94,1
DA:95,1
DA:96,1
DA:97,1
DA:98,1
DA:99,1
DA:100,1
DA:101,1
DA:102,1
DA:103,1
DA:104,1
DA:105,1
DA:106,1
DA:107,1
DA:108,1
DA:109,1
DA:110,1
DA:111,1
DA:112,1
DA:113,1
DA:114,1
DA:115,1
DA:116,1
DA:117,1
DA:118,1
DA:119,1
DA:120,1
DA:121,1
DA:122,1
DA:123,1
DA:124,1
DA:125,1
DA:126,1
DA:127,1
DA:128,1
DA:129,1
DA:130,1
DA:131,1
DA:132,1
DA:133,1
DA:134,1
DA:135,1
DA:136,1
DA:137,1
DA:138,1
DA:139,1
DA:140,1
DA:141,1
DA:142,1
DA:143,1
DA:144,1
DA:145,1
DA:146,1
DA:147,1
DA:148,1
DA:149,1
DA:150,1
DA:151,1
DA:152,1
DA:153,1
DA:154,1
DA:155,1
DA:156,1
DA:157,1
DA:158,1
DA:159,1
DA:160,1
DA:161,1
DA:162,1
DA:163,1
DA:164,1
DA:165,1
DA:166,1
DA:167,1
DA:168,1
DA:169,1
DA:170,0
DA:171,0
DA:172,0
DA:173,0
DA:174,0
DA:175,0
DA:176,0
DA:177,0
DA:178,0
DA:179,0
DA:180,0
DA:181,0
DA:182,0
DA:183,0
DA:184,0
DA:185,0
DA:186,0
DA:187,0
DA:188,0
DA:189,0
DA:190,0
DA:191,0
DA:192,0
DA:193,0
DA:194,0
DA:195,0
DA:196,0
DA:197,0
DA:198,0
DA:199,0
DA:200,0
DA:201,0
DA:202,0
DA:203,0
DA:204,0
DA:205,0
DA:206,0
DA:207,0
DA:208,0
DA:209,0
DA:210,0
DA:211,1
DA:212,1
DA:213,1
DA:214,1
DA:215,1
DA:216,1
DA:217,1
DA:218,1
DA:219,1
DA:220,0
DA:221,0
DA:222,0
DA:223,0
DA:224,1
DA:225,1
DA:226,1
DA:227,1
DA:228,1
DA:229,1
DA:230,1
DA:231,1
DA:232,1
DA:233,1
DA:234,1
DA:235,8
DA:236,8
DA:237,1
DA:238,1
DA:239,8
DA:240,8
DA:241,1
DA:242,1
DA:243,1
DA:244,1
DA:245,1
DA:246,0
DA:247,0
DA:248,1
DA:249,1
DA:250,1
LF:250
LH:203
BRDA:245,0,0,0
BRDA:1,1,0,6
BRDA:1,2,0,1
BRDA:1,3,0,6
BRDA:1,4,0,1
BRDA:1,5,0,0
BRDA:1,6,0,6
BRDA:1,7,0,8
BRDA:1,8,0,1
BRDA:1,9,0,8
BRDA:32,10,0,1
BRDA:1,11,0,1
BRDA:70,12,0,8
BRDA:71,13,0,0
BRDA:114,14,0,0
BRDA:1,15,0,1
BRDA:169,16,0,0
BRDA:1,17,0,1
BRDA:215,18,0,1
BRDA:219,19,0,0
BRDA:235,20,0,8
BRDA:236,21,0,1
BRF:22
BRH:16
end_of_record
TN:
SF:apps/executive-desk/services/infrastructure-health-client.ts
FN:1,__name
FN:1,__export
FN:1,__copyProps
FN:1,get
FN:1,__toCommonJS
FN:1,AzureMonitorInfrastructureHealthClient
FN:1,DatadogInfrastructureHealthClient
FN:1,GenericHealthEndpointClient
FN:1,MockInfrastructureHealthClient
FN:1,createInfrastructureHealthClient
FN:1,getInfrastructureHealthClient
FN:1,resetInfrastructureHealthClient
FN:27,<instance_members_initializer>
FN:1,<static_initializer>
FN:71,checkService
FN:84,checkAllServices
FN:91,queryMetric
FN:107,setServiceStatus
FN:112,simulateIncident
FN:125,<instance_members_initializer>
FN:1,<static_initializer>
FN:163,<instance_members_initializer>
FN:1,<static_initializer>
FN:198,<instance_members_initializer>
FN:1,<static_initializer>
FN:290,createInfrastructureHealthClient
FN:313,getInfrastructureHealthClient
FN:323,resetInfrastructureHealthClient
FNF:28
FNH:15
FNDA:7,__name
FNDA:1,__export
FNDA:1,__copyProps
FNDA:5,get
FNDA:1,__toCommonJS
FNDA:0,AzureMonitorInfrastructureHealthClient
FNDA:0,DatadogInfrastructureHealthClient
FNDA:0,GenericHealthEndpointClient
FNDA:0,MockInfrastructureHealthClient
FNDA:0,createInfrastructureHealthClient
FNDA:5,getInfrastructureHealthClient
FNDA:0,resetInfrastructureHealthClient
FNDA:1,<instance_members_initializer>
FNDA:1,<static_initializer>
FNDA:0,checkService
FNDA:5,checkAllServices
FNDA:20,queryMetric
FNDA:0,setServiceStatus
FNDA:0,simulateIncident
FNDA:0,<instance_members_initializer>
FNDA:1,<static_initializer>
FNDA:0,<instance_members_initializer>
FNDA:1,<static_initializer>
FNDA:0,<instance_members_initializer>
FNDA:1,<static_initializer>
FNDA:1,createInfrastructureHealthClient
FNDA:5,getInfrastructureHealthClient
FNDA:0,resetInfrastructureHealthClient
DA:1,1
DA:2,1
DA:3,1
DA:4,1
DA:5,1
DA:6,1
DA:7,1
DA:8,1
DA:9,1
DA:10,1
DA:11,1
DA:12,1
DA:13,1
DA:14,1
DA:15,1
DA:16,1
DA:17,1
DA:18,1
DA:19,1
DA:20,1
DA:21,1
DA:22,1
DA:23,1
DA:24,1
DA:25,1
DA:26,1
DA:27,1
DA:28,1
DA:29,1
DA:30,1
DA:31,1
DA:32,1
DA:33,1
DA:34,1
DA:35,1
DA:36,1
DA:37,1
DA:38,1
DA:39,1
DA:40,1
DA:41,1
DA:42,1
DA:43,1
DA:44,1
DA:45,1
DA:46,1
DA:47,1
DA:48,1
DA:49,1
DA:50,1
DA:51,1
DA:52,1
DA:53,1
DA:54,1
DA:55,1
DA:56,1
DA:57,1
DA:58,1
DA:59,1
DA:60,1
DA:61,1
DA:62,1
DA:63,1
DA:64,1
DA:65,1
DA:66,1
DA:67,1
DA:68,1
DA:69,1
DA:70,1
DA:71,1
DA:72,1
DA:73,1
DA:74,1
DA:75,1
DA:76,1
DA:77,1
DA:78,1
DA:79,1
DA:80,1
DA:81,1
DA:82,1
DA:83,1
DA:84,1
DA:85,1
DA:86,1
DA:87,1
DA:88,1
DA:89,1
DA:90,1
DA:91,1
DA:92,1
DA:93,1
DA:94,1
DA:95,1
DA:96,1
DA:97,1
DA:98,1
DA:99,1
DA:100,1
DA:101,1
DA:102,1
DA:103,1
DA:104,1
DA:105,1
DA:106,1
DA:107,1
DA:108,1
DA:109,1
DA:110,1
DA:111,1
DA:112,1
DA:113,1
DA:114,1
DA:115,1
DA:116,1
DA:117,1
DA:118,1
DA:119,1
DA:120,1
DA:121,1
DA:122,1
DA:123,1
DA:124,1
DA:125,1
DA:126,1
DA:127,1
DA:128,1
DA:129,1
DA:130,1
DA:131,1
DA:132,1
DA:133,1
DA:134,1
DA:135,1
DA:136,1
DA:137,1
DA:138,1
DA:139,1
DA:140,1
DA:141,1
DA:142,1
DA:143,1
DA:144,1
DA:145,1
DA:146,1
DA:147,1
DA:148,1
DA:149,1
DA:150,1
DA:151,1
DA:152,1
DA:153,1
DA:154,1
DA:155,1
DA:156,1
DA:157,1
DA:158,1
DA:159,1
DA:160,1
DA:161,1
DA:162,1
DA:163,1
DA:164,1
DA:165,1
DA:166,1
DA:167,1
DA:168,1
DA:169,1
DA:170,1
DA:171,1
DA:172,1
DA:173,1
DA:174,1
DA:175,1
DA:176,1
DA:177,1
DA:178,1
DA:179,1
DA:180,1
DA:181,1
DA:182,1
DA:183,1
DA:184,1
DA:185,1
DA:186,1
DA:187,1
DA:188,1
DA:189,1
DA:190,1
DA:191,1
DA:192,1
DA:193,1
DA:194,1
DA:195,1
DA:196,1
DA:197,1
DA:198,1
DA:199,0
DA:200,0
DA:201,0
DA:202,0
DA:203,0
DA:204,0
DA:205,0
DA:206,0
DA:207,0
DA:208,0
DA:209,0
DA:210,0
DA:211,0
DA:212,0
DA:213,0
DA:214,0
DA:215,0
DA:216,0
DA:217,0
DA:218,0
DA:219,0
DA:220,0
DA:221,0
DA:222,0
DA:223,0
DA:224,0
DA:225,0
DA:226,0
DA:227,0
DA:228,0
DA:229,0
DA:230,0
DA:231,0
DA:232,0
DA:233,0
DA:234,0
DA:235,0
DA:236,0
DA:237,0
DA:238,0
DA:239,0
DA:240,0
DA:241,0
DA:242,0
DA:243,0
DA:244,0
DA:245,0
DA:246,0
DA:247,0
DA:248,0
DA:249,0
DA:250,0
DA:251,0
DA:252,0
DA:253,0
DA:254,0
DA:255,0
DA:256,0
DA:257,0
DA:258,0
DA:259,0
DA:260,0
DA:261,0
DA:262,0
DA:263,0
DA:264,0
DA:265,0
DA:266,0
DA:267,0
DA:268,0
DA:269,0
DA:270,0
DA:271,0
DA:272,0
DA:273,0
DA:274,0
DA:275,0
DA:276,0
DA:277,0
DA:278,0
DA:279,0
DA:280,0
DA:281,0
DA:282,0
DA:283,0
DA:284,0
DA:285,0
DA:286,1
DA:287,1
DA:288,1
DA:289,1
DA:290,1
DA:291,1
DA:292,1
DA:293,1
DA:294,1
DA:295,0
DA:296,0
DA:297,0
DA:298,0
DA:299,0
DA:300,0
DA:301,0
DA:302,1
DA:303,1
DA:304,1
DA:305,1
DA:306,1
DA:307,1
DA:308,1
DA:309,1
DA:310,1
DA:311,1
DA:312,1
DA:313,5
DA:314,5
DA:315,1
DA:316,1
DA:317,5
DA:318,5
DA:319,1
DA:320,1
DA:321,1
DA:322,1
DA:323,1
DA:324,0
DA:325,0
DA:326,1
DA:327,1
DA:328,1
LF:328
LH:232
BRDA:323,0,0,0
BRDA:1,1,0,7
BRDA:1,2,0,1
BRDA:1,3,0,7
BRDA:1,4,0,1
BRDA:1,5,0,0
BRDA:1,6,0,7
BRDA:1,7,0,5
BRDA:1,8,0,1
BRDA:1,9,0,5
BRDA:27,10,0,1
BRDA:1,11,0,1
BRDA:84,12,0,5
BRDA:85,13,0,20
BRDA:91,14,0,20
BRDA:103,15,0,0
BRDA:125,16,0,0
BRDA:1,17,0,1
BRDA:163,18,0,0
BRDA:1,19,0,1
BRDA:198,20,0,0
BRDA:1,21,0,1
BRDA:290,22,0,1
BRDA:294,23,0,0
BRDA:313,24,0,5
BRDA:314,25,0,1
BRF:26
BRH:19
end_of_record
TN:
SF:apps/executive-desk/services/receipt-ledger-file.ts
FN:1,(empty-report)
FNF:1
FNH:0
FNDA:0,(empty-report)
DA:1,0
DA:2,0
DA:3,0
DA:4,0
DA:5,0
DA:6,0
DA:7,0
DA:8,0
DA:9,0
DA:10,0
DA:11,0
DA:12,0
DA:13,0
DA:14,0
DA:15,0
DA:16,0
DA:17,0
DA:18,0
DA:19,0
DA:20,0
DA:21,0
DA:22,0
DA:23,0
DA:24,0
DA:25,0
DA:26,0
DA:27,0
DA:28,0
DA:29,0
DA:30,0
DA:31,0
DA:32,0
DA:33,0
DA:34,0
DA:35,0
DA:36,0
DA:37,0
DA:38,0
DA:39,0
DA:40,0
DA:41,0
DA:42,0
DA:43,0
DA:44,0
DA:45,0
DA:46,0
DA:47,0
DA:48,0
DA:49,0
DA:50,0
DA:51,0
DA:52,0
DA:53,0
DA:54,0
DA:55,0
DA:56,0
DA:57,0
DA:58,0
DA:59,0
DA:60,0
DA:61,0
DA:62,0
DA:63,0
DA:64,0
DA:65,0
DA:66,0
DA:67,0
DA:68,0
DA:69,0
DA:70,0
DA:71,0
DA:72,0
DA:73,0
DA:74,0
DA:75,0
DA:76,0
DA:77,0
DA:78,0
DA:79,0
DA:80,0
DA:81,0
DA:82,0
DA:83,0
DA:84,0
DA:85,0
DA:86,0
DA:87,0
DA:88,0
DA:89,0
DA:90,0
DA:91,0
DA:92,0
DA:93,0
DA:94,0
DA:95,0
DA:96,0
DA:97,0
DA:98,0
DA:99,0
DA:100,0
DA:101,0
DA:102,0
DA:103,0
DA:104,0
DA:105,0
DA:106,0
DA:107,0
DA:108,0
DA:109,0
DA:110,0
DA:111,0
DA:112,0
DA:113,0
DA:114,0
DA:115,0
DA:116,0
DA:117,0
DA:118,0
DA:119,0
DA:120,0
DA:121,0
DA:122,0
DA:123,0
DA:124,0
DA:125,0
DA:126,0
DA:127,0
DA:128,0
DA:129,0
DA:130,0
DA:131,0
DA:132,0
DA:133,0
DA:134,0
DA:135,0
DA:136,0
DA:137,0
DA:138,0
DA:139,0
DA:140,0
DA:141,0
DA:142,0
DA:143,0
DA:144,0
DA:145,0
DA:146,0
DA:147,0
DA:148,0
DA:149,0
DA:150,0
DA:151,0
DA:152,0
DA:153,0
DA:154,0
DA:155,0
DA:156,0
DA:157,0
DA:158,0
DA:159,0
DA:160,0
DA:161,0
DA:162,0
DA:163,0
DA:164,0
DA:165,0
DA:166,0
DA:167,0
DA:168,0
DA:169,0
DA:170,0
DA:171,0
DA:172,0
DA:173,0
DA:174,0
DA:175,0
DA:176,0
DA:177,0
DA:178,0
DA:179,0
DA:180,0
DA:181,0
DA:182,0
DA:183,0
DA:184,0
DA:185,0
DA:186,0
DA:187,0
DA:188,0
DA:189,0
DA:190,0
DA:191,0
DA:192,0
DA:193,0
DA:194,0
DA:195,0
DA:196,0
DA:197,0
DA:198,0
DA:199,0
DA:200,0
LF:200
LH:0
BRDA:1,0,0,0
BRF:1
BRH:0
end_of_record
TN:
SF:apps/executive-desk/services/receipt-ledger-pg.ts
FN:1,(empty-report)
FNF:1
FNH:0
FNDA:0,(empty-report)
DA:1,0
DA:2,0
DA:3,0
DA:4,0
DA:5,0
DA:6,0
DA:7,0
DA:8,0
DA:9,0
DA:10,0
DA:11,0
DA:12,0
DA:13,0
DA:14,0
DA:15,0
DA:16,0
DA:17,0
DA:18,0
DA:19,0
DA:20,0
DA:21,0
DA:22,0
DA:23,0
DA:24,0
DA:25,0
DA:26,0
DA:27,0
DA:28,0
DA:29,0
DA:30,0
DA:31,0
DA:32,0
DA:33,0
DA:34,0
DA:35,0
DA:36,0
DA:37,0
DA:38,0
DA:39,0
DA:40,0
DA:41,0
DA:42,0
DA:43,0
DA:44,0
DA:45,0
DA:46,0
DA:47,0
DA:48,0
DA:49,0
DA:50,0
DA:51,0
DA:52,0
DA:53,0
DA:54,0
DA:55,0
DA:56,0
DA:57,0
DA:58,0
DA:59,0
DA:60,0
DA:61,0
DA:62,0
DA:63,0
DA:64,0
DA:65,0
DA:66,0
DA:67,0
DA:68,0
DA:69,0
DA:70,0
DA:71,0
DA:72,0
DA:73,0
DA:74,0
DA:75,0
DA:76,0
DA:77,0
DA:78,0
DA:79,0
DA:80,0
DA:81,0
DA:82,0
DA:83,0
DA:84,0
DA:85,0
DA:86,0
DA:87,0
DA:88,0
DA:89,0
DA:90,0
DA:91,0
DA:92,0
DA:93,0
DA:94,0
DA:95,0
DA:96,0
DA:97,0
DA:98,0
DA:99,0
DA:100,0
DA:101,0
DA:102,0
DA:103,0
DA:104,0
DA:105,0
DA:106,0
DA:107,0
DA:108,0
DA:109,0
DA:110,0
DA:111,0
DA:112,0
DA:113,0
DA:114,0
DA:115,0
DA:116,0
DA:117,0
DA:118,0
DA:119,0
DA:120,0
DA:121,0
DA:122,0
DA:123,0
DA:124,0
DA:125,0
DA:126,0
DA:127,0
DA:128,0
DA:129,0
DA:130,0
DA:131,0
DA:132,0
DA:133,0
DA:134,0
DA:135,0
DA:136,0
DA:137,0
DA:138,0
DA:139,0
DA:140,0
DA:141,0
DA:142,0
DA:143,0
DA:144,0
DA:145,0
DA:146,0
DA:147,0
DA:148,0
DA:149,0
DA:150,0
DA:151,0
DA:152,0
DA:153,0
DA:154,0
DA:155,0
DA:156,0
DA:157,0
DA:158,0
DA:159,0
DA:160,0
DA:161,0
DA:162,0
DA:163,0
DA:164,0
DA:165,0
DA:166,0
DA:167,0
DA:168,0
DA:169,0
DA:170,0
DA:171,0
DA:172,0
DA:173,0
DA:174,0
DA:175,0
DA:176,0
DA:177,0
DA:178,0
DA:179,0
DA:180,0
DA:181,0
DA:182,0
DA:183,0
DA:184,0
DA:185,0
DA:186,0
DA:187,0
DA:188,0
DA:189,0
DA:190,0
DA:191,0
DA:192,0
DA:193,0
DA:194,0
DA:195,0
DA:196,0
DA:197,0
DA:198,0
DA:199,0
DA:200,0
DA:201,0
DA:202,0
DA:203,0
DA:204,0
DA:205,0
DA:206,0
DA:207,0
DA:208,0
DA:209,0
DA:210,0
DA:211,0
DA:212,0
DA:213,0
DA:214,0
DA:215,0
DA:216,0
DA:217,0
DA:218,0
DA:219,0
DA:220,0
DA:221,0
DA:222,0
DA:223,0
DA:224,0
DA:225,0
DA:226,0
DA:227,0
DA:228,0
DA:229,0
DA:230,0
DA:231,0
DA:232,0
DA:233,0
DA:234,0
DA:235,0
DA:236,0
DA:237,0
DA:238,0
DA:239,0
DA:240,0
DA:241,0
DA:242,0
DA:243,0
DA:244,0
DA:245,0
DA:246,0
DA:247,0
DA:248,0
DA:249,0
DA:250,0
DA:251,0
DA:252,0
DA:253,0
DA:254,0
DA:255,0
DA:256,0
LF:256
LH:0
BRDA:1,0,0,0
BRF:1
BRH:0
end_of_record
TN:
SF:apps/executive-desk/services/receipt-ledger.ts
FN:1,__name
FN:1,__export
FN:1,__copyProps
FN:1,get
FN:1,__toESM
FN:1,__toCommonJS
FN:1,InMemoryReceiptLedger
FN:1,createReceiptLedger
FN:1,getReceiptLedger
FN:1,resetReceiptLedger
FN:57,<instance_members_initializer>
FN:1,<static_initializer>
FN:61,record
FN:79,queryByCommand
FN:85,getById
FN:89,list
FN:95,verify
FN:101,exportAll
FN:112,count
FN:116,countByStatus
FN:120,sign
FN:129,createReceiptLedger
FN:160,getReceiptLedger
FN:170,resetReceiptLedger
FNF:24
FNH:17
FNDA:4,__name
FNDA:1,__export
FNDA:1,__copyProps
FNDA:48,get
FNDA:0,__toESM
FNDA:1,__toCommonJS
FNDA:3,InMemoryReceiptLedger
FNDA:8,createReceiptLedger
FNDA:34,getReceiptLedger
FNDA:3,resetReceiptLedger
FNDA:6,<instance_members_initializer>
FNDA:1,<static_initializer>
FNDA:19,record
FNDA:0,queryByCommand
FNDA:3,getById
FNDA:28,list
FNDA:0,verify
FNDA:0,exportAll
FNDA:0,count
FNDA:0,countByStatus
FNDA:19,sign
FNDA:6,createReceiptLedger
FNDA:31,getReceiptLedger
FNDA:0,resetReceiptLedger
DA:1,1
DA:2,1
DA:3,1
DA:4,1
DA:5,1
DA:6,1
DA:7,1
DA:8,1
DA:9,1
DA:10,1
DA:11,1
DA:12,1
DA:13,1
DA:14,1
DA:15,1
DA:16,1
DA:17,1
DA:18,1
DA:19,1
DA:20,1
DA:21,1
DA:22,1
DA:23,1
DA:24,1
DA:25,1
DA:26,1
DA:27,1
DA:28,1
DA:29,1
DA:30,1
DA:31,1
DA:32,1
DA:33,1
DA:34,1
DA:35,1
DA:36,1
DA:37,1
DA:38,1
DA:39,1
DA:40,1
DA:41,1
DA:42,1
DA:43,1
DA:44,1
DA:45,1
DA:46,1
DA:47,1
DA:48,1
DA:49,1
DA:50,1
DA:51,1
DA:52,1
DA:53,1
DA:54,1
DA:55,1
DA:56,1
DA:57,1
DA:58,6
DA:59,6
DA:60,6
DA:61,6
DA:62,19
DA:63,19
DA:64,19
DA:65,19
DA:66,19
DA:67,19
DA:68,19
DA:69,19
DA:70,19
DA:71,19
DA:72,7
DA:73,7
DA:74,19
DA:75,19
DA:76,19
DA:77,19
DA:78,6
DA:79,6
DA:80,0
DA:81,0
DA:82,0
DA:83,0
DA:84,6
DA:85,6
DA:86,3
DA:87,3
DA:88,6
DA:89,6
DA:90,28
DA:91,28
DA:92,28
DA:93,28
DA:94,6
DA:95,6
DA:96,0
DA:97,0
DA:98,0
DA:99,0
DA:100,6
DA:101,6
DA:102,0
DA:103,0
DA:104,0
DA:105,0
DA:106,0
DA:107,0
DA:108,0
DA:109,0
DA:110,0
DA:111,6
DA:112,6
DA:113,0
DA:114,0
DA:115,6
DA:116,6
DA:117,0
DA:118,0
DA:119,6
DA:120,6
DA:121,19
DA:122,19
DA:123,19
DA:124,6
DA:125,1
DA:126,1
DA:127,1
DA:128,1
DA:129,6
DA:130,6
DA:131,6
DA:132,6
DA:133,6
DA:134,6
DA:135,0
DA:136,0
DA:137,6
DA:138,0
DA:139,0
DA:140,0
DA:141,6
DA:142,6
DA:143,6
DA:144,6
DA:145,6
DA:146,6
DA:147,6
DA:148,0
DA:149,0
DA:150,6
DA:151,6
DA:152,6
DA:153,1
DA:154,1
DA:155,1
DA:156,1
DA:157,1
DA:158,1
DA:159,1
DA:160,31
DA:161,31
DA:162,1
DA:163,1
DA:164,31
DA:165,31
DA:166,1
DA:167,1
DA:168,1
DA:169,1
DA:170,1
DA:171,0
DA:172,0
DA:173,1
DA:174,1
DA:175,1
LF:175
LH:145
BRDA:170,0,0,0
BRDA:1,1,0,4
BRDA:1,2,0,1
BRDA:1,3,0,4
BRDA:1,4,0,1
BRDA:1,5,0,0
BRDA:1,6,0,4
BRDA:1,7,0,48
BRDA:1,8,0,1
BRDA:1,9,0,3
BRDA:1,10,0,8
BRDA:1,11,0,34
BRDA:1,12,0,3
BRDA:57,13,0,6
BRDA:1,14,0,1
BRDA:61,15,0,19
BRDA:71,16,0,7
BRDA:85,17,0,3
BRDA:86,18,0,4
BRDA:89,19,0,28
BRDA:91,20,0,30
BRDA:120,21,0,19
BRDA:129,22,0,6
BRDA:134,23,0,0
BRDA:137,24,0,0
BRDA:147,25,0,0
BRDA:160,26,0,31
BRDA:161,27,0,1
BRF:28
BRH:23
end_of_record
TN:
SF:apps/executive-desk/services/risk-assessment.ts
FN:1,__name
FN:1,__export
FN:1,__copyProps
FN:1,get
FN:1,__toCommonJS
FN:1,DefaultRiskAssessmentEngine
FN:1,assessRisk
FN:1,createRiskAssessmentEngine
FN:1,default
FN:1,getRiskAssessmentEngine
FN:1,resetRiskAssessmentEngine
FN:1,<static_initializer>
FN:43,computeInfraHealthFactor
FN:72,computeRecentIncidentsFactor
FN:88,computeDeploymentStatusFactor
FN:102,computeResourcePressureFactor
FN:152,assess
FN:236,createRiskAssessmentEngine
FN:245,getRiskAssessmentEngine
FN:255,resetRiskAssessmentEngine
FN:271,clamp01
FN:277,normalizeInput
FN:284,isStaleTimestamp
FN:291,assessRisk
FNF:24
FNH:19
FNDA:8,__name
FNDA:1,__export
FNDA:1,__copyProps
FNDA:11,get
FNDA:1,__toCommonJS
FNDA:0,DefaultRiskAssessmentEngine
FNDA:7,assessRisk
FNDA:0,createRiskAssessmentEngine
FNDA:0,default
FNDA:4,getRiskAssessmentEngine
FNDA:0,resetRiskAssessmentEngine
FNDA:1,<static_initializer>
FNDA:4,computeInfraHealthFactor
FNDA:4,computeRecentIncidentsFactor
FNDA:4,computeDeploymentStatusFactor
FNDA:4,computeResourcePressureFactor
FNDA:4,assess
FNDA:1,createRiskAssessmentEngine
FNDA:4,getRiskAssessmentEngine
FNDA:0,resetRiskAssessmentEngine
FNDA:35,clamp01
FNDA:7,normalizeInput
FNDA:7,isStaleTimestamp
FNDA:7,assessRisk
DA:1,1
DA:2,1
DA:3,1
DA:4,1
DA:5,1
DA:6,1
DA:7,1
DA:8,1
DA:9,1
DA:10,1
DA:11,1
DA:12,1
DA:13,1
DA:14,1
DA:15,1
DA:16,1
DA:17,1
DA:18,1
DA:19,1
DA:20,1
DA:21,1
DA:22,1
DA:23,1
DA:24,1
DA:25,1
DA:26,1
DA:27,1
DA:28,1
DA:29,1
DA:30,1
DA:31,1
DA:32,1
DA:33,1
DA:34,1
DA:35,1
DA:36,1
DA:37,1
DA:38,1
DA:39,1
DA:40,1
DA:41,1
DA:42,1
DA:43,1
DA:44,4
DA:45,4
DA:46,4
DA:47,0
DA:48,0
DA:49,4
DA:50,4
DA:51,16
DA:52,16
DA:53,16
DA:54,16
DA:55,0
DA:56,0
DA:57,0
DA:58,0
DA:59,0
DA:60,16
DA:61,4
DA:62,4
DA:63,4
DA:64,4
DA:65,4
DA:66,4
DA:67,1
DA:68,1
DA:69,1
DA:70,1
DA:71,1
DA:72,1
DA:73,4
DA:74,4
DA:75,4
DA:76,4
DA:77,4
DA:78,4
DA:79,4
DA:80,4
DA:81,4
DA:82,4
DA:83,1
DA:84,1
DA:85,1
DA:86,1
DA:87,1
DA:88,1
DA:89,4
DA:90,4
DA:91,4
DA:92,4
DA:93,4
DA:94,4
DA:95,4
DA:96,4
DA:97,1
DA:98,1
DA:99,1
DA:100,1
DA:101,1
DA:102,1
DA:103,4
DA:104,4
DA:105,4
DA:106,4
DA:107,4
DA:108,4
DA:109,4
DA:110,4
DA:111,4
DA:112,4
DA:113,4
DA:114,4
DA:115,4
DA:116,4
DA:117,4
DA:118,4
DA:119,4
DA:120,4
DA:121,4
DA:122,4
DA:123,4
DA:124,4
DA:125,4
DA:126,4
DA:127,4
DA:128,4
DA:129,4
DA:130,4
DA:131,4
DA:132,4
DA:133,4
DA:134,4
DA:135,4
DA:136,4
DA:137,0
DA:138,0
DA:139,4
DA:140,4
DA:141,4
DA:142,4
DA:143,4
DA:144,4
DA:145,4
DA:146,0
DA:147,0
DA:148,0
DA:149,0
DA:150,4
DA:151,1
DA:152,1
DA:153,4
DA:154,4
DA:155,4
DA:156,4
DA:157,4
DA:158,4
DA:159,4
DA:160,4
DA:161,4
DA:162,4
DA:163,4
DA:164,4
DA:165,4
DA:166,4
DA:167,4
DA:168,4
DA:169,4
DA:170,4
DA:171,4
DA:172,4
DA:173,4
DA:174,4
DA:175,4
DA:176,4
DA:177,4
DA:178,4
DA:179,4
DA:180,4
DA:181,4
DA:182,4
DA:183,4
DA:184,4
DA:185,4
DA:186,4
DA:187,4
DA:188,4
DA:189,0
DA:190,0
DA:191,0
DA:192,4
DA:193,4
DA:194,0
DA:195,0
DA:196,0
DA:197,4
DA:198,4
DA:199,0
DA:200,0
DA:201,0
DA:202,4
DA:203,4
DA:204,0
DA:205,0
DA:206,0
DA:207,4
DA:208,4
DA:209,4
DA:210,0
DA:211,0
DA:212,0
DA:213,0
DA:214,4
DA:215,0
DA:216,0
DA:217,0
DA:218,0
DA:219,0
DA:220,4
DA:221,4
DA:222,4
DA:223,4
DA:224,4
DA:225,4
DA:226,4
DA:227,4
DA:228,4
DA:229,4
DA:230,4
DA:231,1
DA:232,1
DA:233,1
DA:234,1
DA:235,1
DA:236,1
DA:237,1
DA:238,1
DA:239,1
DA:240,1
DA:241,1
DA:242,1
DA:243,1
DA:244,1
DA:245,4
DA:246,4
DA:247,1
DA:248,1
DA:249,4
DA:250,4
DA:251,1
DA:252,1
DA:253,1
DA:254,1
DA:255,1
DA:256,0
DA:257,0
DA:258,1
DA:259,1
DA:260,1
DA:261,1
DA:262,1
DA:263,1
DA:264,1
DA:265,1
DA:266,1
DA:267,1
DA:268,1
DA:269,1
DA:270,1
DA:271,35
DA:272,35
DA:273,35
DA:274,35
DA:275,35
DA:276,1
DA:277,7
DA:278,7
DA:279,7
DA:280,7
DA:281,7
DA:282,7
DA:283,1
DA:284,7
DA:285,7
DA:286,7
DA:287,7
DA:288,7
DA:289,7
DA:290,1
DA:291,7
DA:292,7
DA:293,7
DA:294,7
DA:295,7
DA:296,7
DA:297,7
DA:298,7
DA:299,7
DA:300,7
DA:301,7
DA:302,7
DA:303,7
DA:304,7
DA:305,7
DA:306,7
DA:307,7
DA:308,7
DA:309,7
DA:310,7
DA:311,7
DA:312,7
DA:313,7
DA:314,7
DA:315,7
DA:316,7
DA:317,7
DA:318,7
LF:318
LH:282
BRDA:291,0,0,0
BRDA:1,1,0,8
BRDA:1,2,0,1
BRDA:1,3,0,6
BRDA:1,4,0,1
BRDA:1,5,0,0
BRDA:1,6,0,6
BRDA:1,7,0,11
BRDA:1,8,0,1
BRDA:1,9,0,7
BRDA:1,10,0,4
BRDA:1,11,0,1
BRDA:43,12,0,4
BRDA:46,13,0,0
BRDA:50,14,0,16
BRDA:54,15,0,0
BRDA:64,16,0,16
BRDA:72,17,0,4
BRDA:88,18,0,4
BRDA:102,19,0,4
BRDA:110,20,0,0
BRDA:112,21,0,0
BRDA:136,22,0,0
BRDA:145,23,0,0
BRDA:141,24,0,16
BRDA:152,25,0,4
BRDA:159,26,0,0
BRDA:160,27,0,0
BRDA:188,28,0,0
BRDA:193,29,0,0
BRDA:198,30,0,0
BRDA:203,31,0,0
BRDA:209,32,0,0
BRDA:214,33,0,0
BRDA:236,34,0,1
BRDA:245,35,0,4
BRDA:246,36,0,1
BRDA:271,37,0,35
BRDA:273,38,0,0
BRDA:277,39,0,7
BRDA:279,40,0,0
BRDA:279,41,0,0
BRDA:280,42,0,0
BRDA:280,43,0,0
BRDA:281,44,0,0
BRDA:284,45,0,7
BRDA:285,46,0,6
BRDA:286,47,0,1
BRDA:287,48,0,0
BRDA:288,49,0,1
BRDA:291,50,0,7
BRDA:293,51,0,1
BRDA:305,52,0,5
BRDA:305,53,0,2
BRDA:306,54,0,1
BRDA:312,55,0,1
BRDA:312,56,0,6
BRDA:314,57,0,1
BRDA:314,58,0,6
BRDA:315,59,0,1
BRDA:315,60,0,6
BRF:61
BRH:38
end_of_record
TN:
SF:apps/executive-desk/services/risk-gate.ts
FN:1,__name
FN:1,__export
FN:1,__copyProps
FN:1,get
FN:1,__toCommonJS
FN:1,riskGateService
FN:1,<static_initializer>
FN:26,evaluate
FNF:8
FNH:8
FNDA:1,__name
FNDA:1,__export
FNDA:1,__copyProps
FNDA:3,get
FNDA:1,__toCommonJS
FNDA:3,riskGateService
FNDA:1,<static_initializer>
FNDA:3,evaluate
DA:1,1
DA:2,1
DA:3,1
DA:4,1
DA:5,1
DA:6,1
DA:7,1
DA:8,1
DA:9,1
DA:10,1
DA:11,1
DA:12,1
DA:13,1
DA:14,1
DA:15,1
DA:16,1
DA:17,1
DA:18,1
DA:19,1
DA:20,1
DA:21,1
DA:22,1
DA:23,1
DA:24,1
DA:25,1
DA:26,1
DA:27,3
DA:28,3
DA:29,3
DA:30,3
DA:31,3
DA:32,3
DA:33,3
DA:34,3
DA:35,3
DA:36,3
DA:37,3
DA:38,3
DA:39,3
DA:40,3
DA:41,0
DA:42,0
DA:43,0
DA:44,3
DA:45,3
DA:46,3
DA:47,3
DA:48,3
DA:49,3
DA:50,3
DA:51,3
DA:52,3
DA:53,3
DA:54,3
DA:55,3
DA:56,3
DA:57,3
DA:58,3
DA:59,3
DA:60,0
DA:61,0
DA:62,0
DA:63,0
DA:64,0
DA:65,0
DA:66,0
DA:67,0
DA:68,3
DA:69,1
DA:70,1
DA:71,1
LF:71
LH:60
BRDA:71,0,0,0
BRDA:1,1,0,1
BRDA:1,2,0,1
BRDA:1,3,0,1
BRDA:1,4,0,0
BRDA:1,5,0,3
BRDA:1,6,0,1
BRDA:1,7,0,3
BRDA:1,8,0,1
BRDA:26,9,0,3
BRDA:40,10,0,0
BRDA:59,11,0,0
BRF:12
BRH:8
end_of_record
